c:\users\woochae\documents\study\problem-solving\solution\solution\default\x64\debug\vc143.pdb
c:\users\woochae\documents\study\problem-solving\solution\solution\default\x64\debug\vc143.idb
c:\users\woochae\documents\study\problem-solving\solution\solution\default\x64\debug\02_5597_과제 안 내신 분.obj
c:\users\woochae\documents\study\problem-solving\solution\solution\default\solution.exe
c:\users\woochae\documents\study\problem-solving\solution\solution\default\solution.pdb
c:\users\woochae\documents\study\problem-solving\solution\solution\default\x64\debug\solution.ilk
c:\users\woochae\documents\study\problem-solving\solution\solution\default\x64\debug\00_10871_x보다 작은 수.obj
c:\users\woochae\documents\study\problem-solving\solution\solution\default\x64\debug\00_1330_두 수 비교하기.obj
c:\users\woochae\documents\study\problem-solving\solution\solution\default\x64\debug\00_15552_빠른 a+b.obj
c:\users\woochae\documents\study\problem-solving\solution\solution\default\x64\debug\00_2741_n 찍기.obj
c:\users\woochae\documents\study\problem-solving\solution\solution\default\x64\debug\01_10699_오늘 날짜.obj
c:\users\woochae\documents\study\problem-solving\solution\solution\default\x64\debug\01_10807_개수 세기.obj
c:\users\woochae\documents\study\problem-solving\solution\solution\default\x64\debug\01_10998_a×b.obj
c:\users\woochae\documents\study\problem-solving\solution\solution\default\x64\debug\01_2739_구구단.obj
c:\users\woochae\documents\study\problem-solving\solution\solution\default\x64\debug\02_10869_사칙연산.obj
c:\users\woochae\documents\study\problem-solving\solution\solution\default\x64\debug\02_14681_사분면 고르기.obj
c:\users\woochae\documents\study\problem-solving\solution\solution\default\x64\debug\02_2438_별 찍기 - 1.obj
c:\users\woochae\documents\study\problem-solving\solution\solution\default\x64\debug\02_7287_등록.obj
c:\users\woochae\documents\study\problem-solving\solution\solution\default\x64\debug\03_1008.obj
c:\users\woochae\documents\study\problem-solving\solution\solution\default\x64\debug\03_10171_고양이 .obj
c:\users\woochae\documents\study\problem-solving\solution\solution\default\x64\debug\03_2753_윤년.obj
c:\users\woochae\documents\study\problem-solving\solution\solution\default\x64\debug\04_10172_개.obj
c:\users\woochae\documents\study\problem-solving\solution\solution\default\x64\debug\04_11382_꼬마 정민.obj
c:\users\woochae\documents\study\problem-solving\solution\solution\default\x64\debug\04_2420_사파리월드.obj
c:\users\woochae\documents\study\problem-solving\solution\solution\default\x64\debug\05_25083_새싹.obj
c:\users\woochae\documents\study\problem-solving\solution\solution\default\\solution.pdb
c:\users\woochae\documents\study\problem-solving\solution\solution\default\x64\debug\solution.tlog\cl.command.1.tlog
c:\users\woochae\documents\study\problem-solving\solution\solution\default\x64\debug\solution.tlog\cl.items.tlog
c:\users\woochae\documents\study\problem-solving\solution\solution\default\x64\debug\solution.tlog\cl.read.1.tlog
c:\users\woochae\documents\study\problem-solving\solution\solution\default\x64\debug\solution.tlog\cl.write.1.tlog
c:\users\woochae\documents\study\problem-solving\solution\solution\default\x64\debug\solution.tlog\link.command.1.tlog
c:\users\woochae\documents\study\problem-solving\solution\solution\default\x64\debug\solution.tlog\link.read.1.tlog
c:\users\woochae\documents\study\problem-solving\solution\solution\default\x64\debug\solution.tlog\link.secondary.1.tlog
c:\users\woochae\documents\study\problem-solving\solution\solution\default\x64\debug\solution.tlog\link.write.1.tlog
